2023-10-03T00:11:47.448Z [debug] This is a debug message.
2023-10-03T00:11:47.450Z [http] This is an http message.
2023-10-03T00:11:47.450Z [info] This is an info message.
2023-10-03T00:11:47.450Z [warning] This is a warning message.
2023-10-03T00:11:47.451Z [error] This is an error message.
2023-10-03T00:11:47.451Z [fatal] This is a fatal message.
2023-10-03T00:12:00.513Z [debug] This is a debug message.
2023-10-03T00:12:00.513Z [http] This is an http message.
2023-10-03T00:12:00.513Z [info] This is an info message.
2023-10-03T00:12:00.514Z [warning] This is a warning message.
2023-10-03T00:12:00.514Z [error] This is an error message.
2023-10-03T00:12:00.514Z [fatal] This is a fatal message.
2023-10-03T00:13:01.563Z [debug] This is a debug message.
2023-10-03T00:13:01.565Z [http] This is an http message.
2023-10-03T00:13:01.565Z [info] This is an info message.
2023-10-03T00:13:01.565Z [warning] This is a warning message.
2023-10-03T00:13:01.565Z [error] This is an error message.
2023-10-03T00:13:01.566Z [fatal] This is a fatal message.
2023-10-03T00:13:40.759Z [debug] This is a debug message.
2023-10-03T00:13:40.761Z [http] This is an http message.
2023-10-03T00:13:40.761Z [info] This is an info message.
2023-10-03T00:13:40.761Z [warning] This is a warning message.
2023-10-03T00:13:40.761Z [error] This is an error message.
2023-10-03T00:13:40.762Z [fatal] This is a fatal message.
